{"/Users/bmurnane/Desktop/work/Oncall-Bot/utils/tte.js":{"path":"/Users/bmurnane/Desktop/work/Oncall-Bot/utils/tte.js","s":{"1":1,"2":1,"3":2,"4":2,"5":4,"6":2,"7":4,"8":2,"9":2,"10":2,"11":1},"b":{"1":[4,3],"2":[2,0]},"f":{"1":2},"fnMap":{"1":{"name":"createTTE","line":22,"loc":{"start":{"line":22,"column":0},"end":{"line":22,"column":33}}}},"statementMap":{"1":{"start":{"line":14,"column":0},"end":{"line":14,"column":15}},"2":{"start":{"line":22,"column":0},"end":{"line":35,"column":1}},"3":{"start":{"line":23,"column":2},"end":{"line":23,"column":17}},"4":{"start":{"line":24,"column":2},"end":{"line":26,"column":16}},"5":{"start":{"line":25,"column":23},"end":{"line":25,"column":56}},"6":{"start":{"line":27,"column":2},"end":{"line":31,"column":7}},"7":{"start":{"line":29,"column":6},"end":{"line":30,"column":42}},"8":{"start":{"line":32,"column":2},"end":{"line":32,"column":64}},"9":{"start":{"line":33,"column":2},"end":{"line":33,"column":18}},"10":{"start":{"line":34,"column":2},"end":{"line":34,"column":14}},"11":{"start":{"line":37,"column":0},"end":{"line":39,"column":2}}},"branchMap":{"1":{"line":29,"type":"binary-expr","locations":[{"start":{"line":29,"column":13},"end":{"line":29,"column":51}},{"start":{"line":30,"column":7},"end":{"line":30,"column":41}}]},"2":{"line":32,"type":"cond-expr","locations":[{"start":{"line":32,"column":32},"end":{"line":32,"column":56}},{"start":{"line":32,"column":59},"end":{"line":32,"column":63}}]}}}}